生成启动时间为 2019/3/28 16:02:24。
     1>项目“F:\engineering\project\switch_status_detection\switch_status_detection\switch_status_detection.vcxproj”在节点 2 上(Build 个目标)。
     1>ClCompile:
         C:\Program Files (x86)\Microsoft Visual Studio 12.0\VC\bin\CL.exe /c /ZI /nologo /W3 /WX- /sdl /Od /Oy- /D WIN32 /D _DEBUG /D _CONSOLE /D _LIB /D _CRT_SECURE_NO_WARNINGS /D _UNICODE /D UNICODE /Gm /EHsc /RTC1 /MDd /GS /fp:precise /Zc:wchar_t /Zc:forScope /Fo"Debug\\" /Fd"Debug\vc120.pdb" /Gd /TP /analyze- /errorReport:prompt detection_main.cpp
         detection_main.cpp
     1>f:\engineering\project\switch_status_detection\switch_status_detection\detection_main.cpp(10): warning C4091: “typedef ”: 没有声明变量时忽略“DETECTION_RESULT”的左侧
     1>f:\engineering\project\switch_status_detection\switch_status_detection\detection_main.cpp(39): warning C4018: “<”: 有符号/无符号不匹配
     1>f:\engineering\project\switch_status_detection\switch_status_detection\detection_main.cpp(55): warning C4018: “<”: 有符号/无符号不匹配
     1>f:\engineering\project\switch_status_detection\switch_status_detection\detection_main.cpp(18): warning C4101: “circle_r_min”: 未引用的局部变量
     1>f:\engineering\project\switch_status_detection\switch_status_detection\detection_main.cpp(18): warning C4101: “thresholdValue”: 未引用的局部变量
     1>f:\engineering\project\switch_status_detection\switch_status_detection\detection_main.cpp(18): warning C4101: “circle_r_max”: 未引用的局部变量
       Link:
         C:\Program Files (x86)\Microsoft Visual Studio 12.0\VC\bin\link.exe /ERRORREPORT:PROMPT /OUT:"F:\engineering\project\switch_status_detection\Debug\switch_status_detection.exe" /INCREMENTAL /NOLOGO opencv_ml249d.lib opencv_calib3d249d.lib opencv_contrib249d.lib opencv_core249d.lib opencv_features2d249d.lib opencv_flann249d.lib opencv_gpu249d.lib opencv_highgui249d.lib opencv_imgproc249d.lib opencv_legacy249d.lib opencv_objdetect249d.lib opencv_ts249d.lib opencv_video249d.lib opencv_nonfree249d.lib opencv_ocl249d.lib opencv_photo249d.lib opencv_stitching249d.lib opencv_superres249d.lib opencv_videostab249d.lib kernel32.lib user32.lib gdi32.lib winspool.lib comdlg32.lib advapi32.lib shell32.lib ole32.lib oleaut32.lib uuid.lib odbc32.lib odbccp32.lib /MANIFEST /MANIFESTUAC:"level='asInvoker' uiAccess='false'" /manifest:embed /DEBUG /PDB:"F:\engineering\project\switch_status_detection\Debug\switch_status_detection.pdb" /SUBSYSTEM:CONSOLE /TLBID:1 /DYNAMICBASE /NXCOMPAT /IMPLIB:"F:\engineering\project\switch_status_detection\Debug\switch_status_detection.lib" /MACHINE:X86 Debug\detection_main.obj
         Debug\paraments_set.obj
         Debug\switch_light.obj
         Debug\pretreatment.obj
         Debug\switch_line.obj
         switch_status_detection.vcxproj -> F:\engineering\project\switch_status_detection\Debug\switch_status_detection.exe
     1>已完成生成项目“F:\engineering\project\switch_status_detection\switch_status_detection\switch_status_detection.vcxproj”(Build 个目标)的操作。

生成成功。

已用时间 00:00:02.39
